Build started 7/27/2015 11:26:13 AM.
     1>Project "C:\Users\jake.CUTTING\Desktop\OpenEQC Source\SharedMemory\SharedMemory.vcxproj" on node 2 (Build target(s)).
     1>ClCompile:
         C:\Program Files (x86)\Microsoft Visual Studio 12.0\VC\bin\CL.exe /c /IC:\Perl\lib\CORE /I..\Dependencies\zlib\include /I"C:\Program Files (x86)\MySQL\MySQL Server 5.1\include" /ZI /nologo /W0 /WX- /Od /Oy- /D WIN32 /D _DEBUG /D _WINDOWS /D _USRDLL /D SHAREDMEMORY_EXPORTS /D _WINDLL /D _UNICODE /D UNICODE /Gm /EHsc /RTC1 /MTd /GS /fp:precise /Zc:wchar_t /Zc:forScope /Fo".\Intermediate\Debug\\" /Fd".\Intermediate\Debug\vc120.pdb" /Gd /TP /analyze- /errorReport:prompt  /I"../Common/Include" /I"./Include" /I"../EQC/Include" /I"../SharedMemory/Include/" ..\Common\Source\database.cpp ..\EQC\Sources\EQCUtils.cpp
         database.cpp
         Generating Code...
         Compiling...
         EQCUtils.cpp
         Generating Code...
       Link:
         C:\Program Files (x86)\Microsoft Visual Studio 12.0\VC\bin\link.exe /ERRORREPORT:PROMPT /OUT:"..\build\debug\SharedMemory.dll" /INCREMENTAL /NOLOGO /LIBPATH:"C:\Program Files (x86)\MySQL\MySQL Server 5.1\lib\debug" /LIBPATH:"C:\Program Files (x86)\MySQL\MySQL Server 5.1\lib" /LIBPATH:../Libraries WS2_32.lib MySQLClient.lib Zlib.lib kernel32.lib user32.lib gdi32.lib winspool.lib comdlg32.lib advapi32.lib shell32.lib ole32.lib oleaut32.lib uuid.lib odbc32.lib odbccp32.lib /NODEFAULTLIB:LIBCMT /MANIFEST /MANIFESTUAC:"level='asInvoker' uiAccess='false'" /manifest:embed /DEBUG /PDB:"..\Build\Debug\SharedMemory.pdb" /SUBSYSTEM:WINDOWS /TLBID:1 /DYNAMICBASE /NXCOMPAT /IMPLIB:"..\Build\Debug\SharedMemory.lib" /MACHINE:X86 /SAFESEH /DLL .\Intermediate\Debug\DLLMain.obj
         .\Intermediate\Debug\SharedMemory.obj
         .\Intermediate\Debug\SharedMemoryItems.obj
         .\Intermediate\Debug\database.obj
         .\Intermediate\Debug\DatabaseHandler.obj
         .\Intermediate\Debug\EQCException.obj
         .\Intermediate\Debug\EQCUtils.obj
         .\Intermediate\Debug\Item.obj
         .\Intermediate\Debug\Logger.obj
         .\Intermediate\Debug\MiscFunctions.obj
         .\Intermediate\Debug\Mutex.obj
         SharedMemory.vcxproj -> C:\Users\jake.CUTTING\Desktop\OpenEQC Source\SharedMemory\..\Build\Debug\SharedMemory.dll
     1>Done Building Project "C:\Users\jake.CUTTING\Desktop\OpenEQC Source\SharedMemory\SharedMemory.vcxproj" (Build target(s)).

Build succeeded.

Time Elapsed 00:00:02.12
