Build started 7/27/2015 2:00:17 PM.
     1>Project "C:\Users\jake.CUTTING\Desktop\OpenEQC Source\Zone\Zone.vcxproj" on node 4 (Build target(s)).
     1>ClCompile:
         C:\Program Files (x86)\Microsoft Visual Studio 12.0\VC\bin\CL.exe /c /IC:\Perl\lib\CORE /I"C:\Program Files (x86)\MySQL\MySQL Server 5.1\include" /I..\Dependencies\zlib\include /I../Common/Include /I./Include /I../EQC/Include /I../SharedMemory/Include/ /Zi /nologo /W1 /WX- /Od /Oy- /D EMBPERL /D EQC_SHAREDMEMORY /D WIN32 /D _DEBUG /D _CONSOLE /D _CRT_SECURE_NO_DEPRECATE /D ZONE /D CATCH_CRASH /D _EQDEBUG /D _UNICODE /D UNICODE /Gm- /EHsc /MTd /GS /fp:precise /Zc:wchar_t /Zc:forScope /Fo".\Intermediate\Debug\\" /Fd".\Intermediate\Debug\vc120.pdb" /Gd /TP /analyze- /errorReport:prompt /MP Source\spawn2.cpp
         spawn2.cpp
       Link:
         C:\Program Files (x86)\Microsoft Visual Studio 12.0\VC\bin\link.exe /ERRORREPORT:PROMPT /OUT:"..\build\debug\Zone.exe" /INCREMENTAL /NOLOGO /LIBPATH:"C:\Program Files (x86)\MySQL\MySQL Server 5.1\lib\debug" /LIBPATH:C:\Perl\lib\CORE /LIBPATH:"C:\Program Files (x86)\MySQL\MySQL Server 5.1\lib" /LIBPATH:..\Dependencies\zlib\lib WS2_32.lib MySQLClient.lib Zlib.lib kernel32.lib user32.lib gdi32.lib winspool.lib comdlg32.lib advapi32.lib shell32.lib ole32.lib oleaut32.lib uuid.lib odbc32.lib odbccp32.lib /NODEFAULTLIB:LIBCMT /MANIFEST /MANIFESTUAC:"level='asInvoker' uiAccess='false'" /manifest:embed /DEBUG /PDB:"..\Build\Debug\Zone.pdb" /ASSEMBLYDEBUG /SUBSYSTEM:CONSOLE /TLBID:1 /DYNAMICBASE:NO /IMPLIB:"..\Build\Debug\Zone.lib" /MACHINE:X86 /SAFESEH .\Intermediate\Debug\EQCException.obj
         .\Intermediate\Debug\EQCUtils.obj
         .\Intermediate\Debug\PacketUtils.obj
         .\Intermediate\Debug\classes.obj
         .\Intermediate\Debug\container.obj
         .\Intermediate\Debug\database.obj
         .\Intermediate\Debug\DatabaseHandler.obj
         .\Intermediate\Debug\EQFragment.obj
         .\Intermediate\Debug\EQPacket.obj
         .\Intermediate\Debug\EQPacketManager.obj
         .\Intermediate\Debug\Fragment.obj
         .\Intermediate\Debug\FragmentGroup.obj
         .\Intermediate\Debug\FragmentGroupList.obj
         .\Intermediate\Debug\GuildDatabase.obj
         .\Intermediate\Debug\Item.obj
         .\Intermediate\Debug\languages.obj
         .\Intermediate\Debug\Logger.obj
         .\Intermediate\Debug\MiscFunctions.obj
         .\Intermediate\Debug\moremath.obj
         .\Intermediate\Debug\Mutex.obj
         .\Intermediate\Debug\packet_dump.obj
         .\Intermediate\Debug\packet_dump_file.obj
         .\Intermediate\Debug\packet_functions.obj
         .\Intermediate\Debug\PlayerPacketFactory.obj
         .\Intermediate\Debug\races.obj
         .\Intermediate\Debug\ServerPacketFactory.obj
         .\Intermediate\Debug\timer.obj
         .\Intermediate\Debug\attack.obj
         .\Intermediate\Debug\boats.obj
         .\Intermediate\Debug\Debug.obj
         .\Intermediate\Debug\entity.obj
         .\Intermediate\Debug\EntityList.obj
         .\Intermediate\Debug\faction.obj
         .\Intermediate\Debug\forage.obj
         .\Intermediate\Debug\groups.obj
         .\Intermediate\Debug\hate_list.obj
         .\Intermediate\Debug\loottables.obj
         .\Intermediate\Debug\Map.obj
         .\Intermediate\Debug\mob.obj
         .\Intermediate\Debug\net.obj
         .\Intermediate\Debug\nodes.obj
         .\Intermediate\Debug\npc.obj
         .\Intermediate\Debug\NpcAI.obj
         .\Intermediate\Debug\object.obj
         .\Intermediate\Debug\PetitionManager.obj
         .\Intermediate\Debug\petitions.obj
         .\Intermediate\Debug\PlayerCorpse.obj
         .\Intermediate\Debug\priorityqueue.obj
         .\Intermediate\Debug\projectile.obj
         .\Intermediate\Debug\spawn2.obj
         .\Intermediate\Debug\spawngroup.obj
         .\Intermediate\Debug\Tradeskills.obj
         .\Intermediate\Debug\watermap.obj
         .\Intermediate\Debug\WorldServer.obj
         .\Intermediate\Debug\WorldServer_Process.obj
         .\Intermediate\Debug\zone.obj
         .\Intermediate\Debug\Beg.obj
         .\Intermediate\Debug\BindWound.obj
         .\Intermediate\Debug\Fishing.obj
         .\Intermediate\Debug\InstillDoubt.obj
         .\Intermediate\Debug\Mend.obj
         .\Intermediate\Debug\Spell.obj
         .\Intermediate\Debug\SpellBonuses.obj
         .\Intermediate\Debug\SpellData.obj
         .\Intermediate\Debug\SpellEffects.obj
         .\Intermediate\Debug\spells.obj
         .\Intermediate\Debug\SpellsHandler.obj
         .\Intermediate\Debug\client.obj
         .\Intermediate\Debug\Client_Commands.obj
         .\Intermediate\Debug\Client_Messaging.obj
         .\Intermediate\Debug\Client_Packet.obj
         .\Intermediate\Debug\Client_Process.obj
         .\Intermediate\Debug\ClientList.obj
         .\Intermediate\Debug\guild_process.obj
         .\Intermediate\Debug\ZoneGuildManager.obj
         .\Intermediate\Debug\ZoneGuildManager_Packets.obj
         .\Intermediate\Debug\ZoneGuildManager_Process.obj
         .\Intermediate\Debug\ZoneGuildManager_WorldProcess.obj
         .\Intermediate\Debug\embparser.obj
         .\Intermediate\Debug\embperl.obj
         .\Intermediate\Debug\questmgr.obj
         .\Intermediate\Debug\perl_perlpacket.obj
         .\Intermediate\Debug\perlpacket.obj
         .\Intermediate\Debug\perl_client.obj
         .\Intermediate\Debug\perl_entity.obj
         .\Intermediate\Debug\perl_mob.obj
         .\Intermediate\Debug\perl_npc.obj
         "C:\Users\jake.CUTTING\Desktop\OpenEQC Source\Build\Debug\SharedMemory.lib"
         Zone.vcxproj -> C:\Users\jake.CUTTING\Desktop\OpenEQC Source\Zone\..\Build\Debug\Zone.exe
     1>Done Building Project "C:\Users\jake.CUTTING\Desktop\OpenEQC Source\Zone\Zone.vcxproj" (Build target(s)).

Build succeeded.

Time Elapsed 00:00:01.61
